1773591056.163277 client started (74932): version 3.6a, socket /tmp/tmux-1000/default, protocol 8
1773591056.163301 on Linux 6.19.6-arch1-1 #1 SMP PREEMPT_DYNAMIC Wed, 04 Mar 2026 18:25:08 +0000
1773591056.163305 using libevent 2.1.12-stable poll
1773591056.163307 using ncurses 6.5 20240427
1773591056.163321 flags are 0x18010000
1773591056.163332 socket is /tmp/tmux-1000/default
1773591056.163344 trying connect
1773591056.163355 connect failed: Connection refused
1773591056.163362 lock file is /tmp/tmux-1000/default.lock
1773591056.163377 flock succeeded
1773591056.163379 got lock (12)
1773591056.163383 trying connect
1773591056.163389 connect failed: Connection refused
1773591056.163543 add peer 0x55a4a198f5c0: 13 ((nil))
1773591056.163946 sending message 111 to peer 0x55a4a198f5c0 (8 bytes)
1773591056.163955 sending message 111 to peer 0x55a4a198f5c0 (8 bytes)
1773591056.163959 sending message 101 to peer 0x55a4a198f5c0 (15 bytes)
1773591056.163961 sending message 109 to peer 0x55a4a198f5c0 (4 bytes)
1773591056.163964 sending message 102 to peer 0x55a4a198f5c0 (11 bytes)
1773591056.163967 sending message 108 to peer 0x55a4a198f5c0 (25 bytes)
1773591056.163970 sending message 112 to peer 0x55a4a198f5c0 (58 bytes)
1773591056.163973 sending message 112 to peer 0x55a4a198f5c0 (5 bytes)
1773591056.163976 sending message 112 to peer 0x55a4a198f5c0 (5 bytes)
1773591056.163978 sending message 112 to peer 0x55a4a198f5c0 (6 bytes)
1773591056.163981 sending message 112 to peer 0x55a4a198f5c0 (6 bytes)
1773591056.163983 sending message 112 to peer 0x55a4a198f5c0 (11 bytes)
1773591056.163986 sending message 112 to peer 0x55a4a198f5c0 (10 bytes)
1773591056.163988 sending message 112 to peer 0x55a4a198f5c0 (13 bytes)
1773591056.163991 sending message 112 to peer 0x55a4a198f5c0 (14 bytes)
1773591056.163993 sending message 112 to peer 0x55a4a198f5c0 (19 bytes)
1773591056.163996 sending message 112 to peer 0x55a4a198f5c0 (11 bytes)
1773591056.163999 sending message 112 to peer 0x55a4a198f5c0 (10 bytes)
1773591056.164001 sending message 112 to peer 0x55a4a198f5c0 (15 bytes)
1773591056.164004 sending message 112 to peer 0x55a4a198f5c0 (21 bytes)
1773591056.164006 sending message 112 to peer 0x55a4a198f5c0 (13 bytes)
1773591056.164009 sending message 112 to peer 0x55a4a198f5c0 (7 bytes)
1773591056.164011 sending message 112 to peer 0x55a4a198f5c0 (13 bytes)
1773591056.164014 sending message 112 to peer 0x55a4a198f5c0 (7 bytes)
1773591056.164017 sending message 112 to peer 0x55a4a198f5c0 (13 bytes)
1773591056.164019 sending message 112 to peer 0x55a4a198f5c0 (9 bytes)
1773591056.164022 sending message 112 to peer 0x55a4a198f5c0 (21 bytes)
1773591056.164024 sending message 112 to peer 0x55a4a198f5c0 (13 bytes)
1773591056.164027 sending message 112 to peer 0x55a4a198f5c0 (9 bytes)
1773591056.164030 sending message 112 to peer 0x55a4a198f5c0 (16 bytes)
1773591056.164032 sending message 112 to peer 0x55a4a198f5c0 (13 bytes)
1773591056.164035 sending message 112 to peer 0x55a4a198f5c0 (9 bytes)
1773591056.164037 sending message 112 to peer 0x55a4a198f5c0 (9 bytes)
1773591056.164040 sending message 112 to peer 0x55a4a198f5c0 (12 bytes)
1773591056.164043 sending message 112 to peer 0x55a4a198f5c0 (8 bytes)
1773591056.164045 sending message 112 to peer 0x55a4a198f5c0 (8 bytes)
1773591056.164048 sending message 112 to peer 0x55a4a198f5c0 (13 bytes)
1773591056.164050 sending message 112 to peer 0x55a4a198f5c0 (7 bytes)
1773591056.164053 sending message 112 to peer 0x55a4a198f5c0 (7 bytes)
1773591056.164056 sending message 112 to peer 0x55a4a198f5c0 (9 bytes)
1773591056.164058 sending message 112 to peer 0x55a4a198f5c0 (9 bytes)
1773591056.164061 sending message 112 to peer 0x55a4a198f5c0 (15 bytes)
1773591056.164064 sending message 112 to peer 0x55a4a198f5c0 (13 bytes)
1773591056.164066 sending message 112 to peer 0x55a4a198f5c0 (12 bytes)
1773591056.164069 sending message 112 to peer 0x55a4a198f5c0 (8 bytes)
1773591056.164071 sending message 112 to peer 0x55a4a198f5c0 (14 bytes)
1773591056.164074 sending message 112 to peer 0x55a4a198f5c0 (11 bytes)
1773591056.164083 sending message 112 to peer 0x55a4a198f5c0 (9 bytes)
1773591056.164087 sending message 112 to peer 0x55a4a198f5c0 (10 bytes)
1773591056.164089 sending message 112 to peer 0x55a4a198f5c0 (10 bytes)
1773591056.164092 sending message 112 to peer 0x55a4a198f5c0 (10 bytes)
1773591056.164095 sending message 112 to peer 0x55a4a198f5c0 (10 bytes)
1773591056.164097 sending message 112 to peer 0x55a4a198f5c0 (11 bytes)
1773591056.164100 sending message 112 to peer 0x55a4a198f5c0 (12 bytes)
1773591056.164103 sending message 112 to peer 0x55a4a198f5c0 (12 bytes)
1773591056.164105 sending message 112 to peer 0x55a4a198f5c0 (12 bytes)
1773591056.164108 sending message 112 to peer 0x55a4a198f5c0 (12 bytes)
1773591056.164111 sending message 112 to peer 0x55a4a198f5c0 (12 bytes)
1773591056.164113 sending message 112 to peer 0x55a4a198f5c0 (11 bytes)
1773591056.164116 sending message 112 to peer 0x55a4a198f5c0 (11 bytes)
1773591056.164118 sending message 112 to peer 0x55a4a198f5c0 (12 bytes)
1773591056.164121 sending message 112 to peer 0x55a4a198f5c0 (12 bytes)
1773591056.164124 sending message 112 to peer 0x55a4a198f5c0 (12 bytes)
1773591056.164126 sending message 112 to peer 0x55a4a198f5c0 (12 bytes)
1773591056.164129 sending message 112 to peer 0x55a4a198f5c0 (12 bytes)
1773591056.164131 sending message 112 to peer 0x55a4a198f5c0 (9 bytes)
1773591056.164134 sending message 112 to peer 0x55a4a198f5c0 (12 bytes)
1773591056.164137 sending message 112 to peer 0x55a4a198f5c0 (13 bytes)
1773591056.164139 sending message 112 to peer 0x55a4a198f5c0 (13 bytes)
1773591056.164142 sending message 112 to peer 0x55a4a198f5c0 (13 bytes)
1773591056.164144 sending message 112 to peer 0x55a4a198f5c0 (13 bytes)
1773591056.164147 sending message 112 to peer 0x55a4a198f5c0 (13 bytes)
1773591056.164150 sending message 112 to peer 0x55a4a198f5c0 (8 bytes)
1773591056.164152 sending message 112 to peer 0x55a4a198f5c0 (11 bytes)
1773591056.164155 sending message 112 to peer 0x55a4a198f5c0 (11 bytes)
1773591056.164157 sending message 112 to peer 0x55a4a198f5c0 (11 bytes)
1773591056.164160 sending message 112 to peer 0x55a4a198f5c0 (12 bytes)
1773591056.164163 sending message 112 to peer 0x55a4a198f5c0 (12 bytes)
1773591056.164165 sending message 112 to peer 0x55a4a198f5c0 (12 bytes)
1773591056.164168 sending message 112 to peer 0x55a4a198f5c0 (12 bytes)
1773591056.164171 sending message 112 to peer 0x55a4a198f5c0 (13 bytes)
1773591056.164173 sending message 112 to peer 0x55a4a198f5c0 (13 bytes)
1773591056.164176 sending message 112 to peer 0x55a4a198f5c0 (13 bytes)
1773591056.164178 sending message 112 to peer 0x55a4a198f5c0 (8 bytes)
1773591056.164181 sending message 112 to peer 0x55a4a198f5c0 (13 bytes)
1773591056.164184 sending message 112 to peer 0x55a4a198f5c0 (13 bytes)
1773591056.164186 sending message 112 to peer 0x55a4a198f5c0 (13 bytes)
1773591056.164189 sending message 112 to peer 0x55a4a198f5c0 (13 bytes)
1773591056.164192 sending message 112 to peer 0x55a4a198f5c0 (13 bytes)
1773591056.164194 sending message 112 to peer 0x55a4a198f5c0 (12 bytes)
1773591056.164197 sending message 112 to peer 0x55a4a198f5c0 (12 bytes)
1773591056.164199 sending message 112 to peer 0x55a4a198f5c0 (12 bytes)
1773591056.164202 sending message 112 to peer 0x55a4a198f5c0 (12 bytes)
1773591056.164205 sending message 112 to peer 0x55a4a198f5c0 (13 bytes)
1773591056.164207 sending message 112 to peer 0x55a4a198f5c0 (8 bytes)
1773591056.164210 sending message 112 to peer 0x55a4a198f5c0 (13 bytes)
1773591056.164213 sending message 112 to peer 0x55a4a198f5c0 (13 bytes)
1773591056.164215 sending message 112 to peer 0x55a4a198f5c0 (13 bytes)
1773591056.164218 sending message 112 to peer 0x55a4a198f5c0 (13 bytes)
1773591056.164220 sending message 112 to peer 0x55a4a198f5c0 (13 bytes)
1773591056.164223 sending message 112 to peer 0x55a4a198f5c0 (13 bytes)
1773591056.164226 sending message 112 to peer 0x55a4a198f5c0 (13 bytes)
1773591056.164228 sending message 112 to peer 0x55a4a198f5c0 (12 bytes)
1773591056.164231 sending message 112 to peer 0x55a4a198f5c0 (12 bytes)
1773591056.164237 sending message 112 to peer 0x55a4a198f5c0 (12 bytes)
1773591056.164240 sending message 112 to peer 0x55a4a198f5c0 (8 bytes)
1773591056.164243 sending message 112 to peer 0x55a4a198f5c0 (12 bytes)
1773591056.164246 sending message 112 to peer 0x55a4a198f5c0 (13 bytes)
1773591056.164249 sending message 112 to peer 0x55a4a198f5c0 (13 bytes)
1773591056.164251 sending message 112 to peer 0x55a4a198f5c0 (13 bytes)
1773591056.164254 sending message 112 to peer 0x55a4a198f5c0 (13 bytes)
1773591056.164256 sending message 112 to peer 0x55a4a198f5c0 (13 bytes)
1773591056.164259 sending message 112 to peer 0x55a4a198f5c0 (13 bytes)
1773591056.164261 sending message 112 to peer 0x55a4a198f5c0 (13 bytes)
1773591056.164264 sending message 112 to peer 0x55a4a198f5c0 (13 bytes)
1773591056.164267 sending message 112 to peer 0x55a4a198f5c0 (12 bytes)
1773591056.164270 sending message 112 to peer 0x55a4a198f5c0 (10 bytes)
1773591056.164272 sending message 112 to peer 0x55a4a198f5c0 (12 bytes)
1773591056.164275 sending message 112 to peer 0x55a4a198f5c0 (12 bytes)
1773591056.164277 sending message 112 to peer 0x55a4a198f5c0 (12 bytes)
1773591056.164280 sending message 112 to peer 0x55a4a198f5c0 (13 bytes)
1773591056.164282 sending message 112 to peer 0x55a4a198f5c0 (13 bytes)
1773591056.164285 sending message 112 to peer 0x55a4a198f5c0 (13 bytes)
1773591056.164287 sending message 112 to peer 0x55a4a198f5c0 (13 bytes)
1773591056.164290 sending message 112 to peer 0x55a4a198f5c0 (13 bytes)
1773591056.164293 sending message 112 to peer 0x55a4a198f5c0 (13 bytes)
1773591056.164295 sending message 112 to peer 0x55a4a198f5c0 (13 bytes)
1773591056.164298 sending message 112 to peer 0x55a4a198f5c0 (10 bytes)
1773591056.164300 sending message 112 to peer 0x55a4a198f5c0 (13 bytes)
1773591056.164303 sending message 112 to peer 0x55a4a198f5c0 (12 bytes)
1773591056.164306 sending message 112 to peer 0x55a4a198f5c0 (12 bytes)
1773591056.164308 sending message 112 to peer 0x55a4a198f5c0 (12 bytes)
1773591056.164311 sending message 112 to peer 0x55a4a198f5c0 (10 bytes)
1773591056.164313 sending message 112 to peer 0x55a4a198f5c0 (10 bytes)
1773591056.164316 sending message 112 to peer 0x55a4a198f5c0 (10 bytes)
1773591056.164318 sending message 112 to peer 0x55a4a198f5c0 (12 bytes)
1773591056.164321 sending message 112 to peer 0x55a4a198f5c0 (13 bytes)
1773591056.164324 sending message 112 to peer 0x55a4a198f5c0 (13 bytes)
1773591056.164326 sending message 112 to peer 0x55a4a198f5c0 (13 bytes)
1773591056.164329 sending message 112 to peer 0x55a4a198f5c0 (13 bytes)
1773591056.164332 sending message 112 to peer 0x55a4a198f5c0 (13 bytes)
1773591056.164334 sending message 112 to peer 0x55a4a198f5c0 (10 bytes)
1773591056.164337 sending message 112 to peer 0x55a4a198f5c0 (11 bytes)
1773591056.164339 sending message 112 to peer 0x55a4a198f5c0 (12 bytes)
1773591056.164342 sending message 112 to peer 0x55a4a198f5c0 (12 bytes)
1773591056.164344 sending message 112 to peer 0x55a4a198f5c0 (12 bytes)
1773591056.164347 sending message 112 to peer 0x55a4a198f5c0 (12 bytes)
1773591056.164349 sending message 112 to peer 0x55a4a198f5c0 (12 bytes)
1773591056.164352 sending message 112 to peer 0x55a4a198f5c0 (11 bytes)
1773591056.164354 sending message 112 to peer 0x55a4a198f5c0 (12 bytes)
1773591056.164357 sending message 112 to peer 0x55a4a198f5c0 (12 bytes)
1773591056.164360 sending message 112 to peer 0x55a4a198f5c0 (13 bytes)
1773591056.164362 sending message 112 to peer 0x55a4a198f5c0 (13 bytes)
1773591056.164365 sending message 112 to peer 0x55a4a198f5c0 (13 bytes)
1773591056.164367 sending message 112 to peer 0x55a4a198f5c0 (13 bytes)
1773591056.164370 sending message 112 to peer 0x55a4a198f5c0 (13 bytes)
1773591056.164373 sending message 112 to peer 0x55a4a198f5c0 (10 bytes)
1773591056.164376 sending message 112 to peer 0x55a4a198f5c0 (9 bytes)
1773591056.164378 sending message 112 to peer 0x55a4a198f5c0 (12 bytes)
1773591056.164381 sending message 112 to peer 0x55a4a198f5c0 (13 bytes)
1773591056.164383 sending message 112 to peer 0x55a4a198f5c0 (13 bytes)
1773591056.164389 sending message 112 to peer 0x55a4a198f5c0 (13 bytes)
1773591056.164392 sending message 112 to peer 0x55a4a198f5c0 (13 bytes)
1773591056.164394 sending message 112 to peer 0x55a4a198f5c0 (13 bytes)
1773591056.164397 sending message 112 to peer 0x55a4a198f5c0 (9 bytes)
1773591056.164399 sending message 112 to peer 0x55a4a198f5c0 (12 bytes)
1773591056.164402 sending message 112 to peer 0x55a4a198f5c0 (13 bytes)
1773591056.164404 sending message 112 to peer 0x55a4a198f5c0 (13 bytes)
1773591056.164407 sending message 112 to peer 0x55a4a198f5c0 (13 bytes)
1773591056.164410 sending message 112 to peer 0x55a4a198f5c0 (13 bytes)
1773591056.164412 sending message 112 to peer 0x55a4a198f5c0 (13 bytes)
1773591056.164415 sending message 112 to peer 0x55a4a198f5c0 (11 bytes)
1773591056.164417 sending message 112 to peer 0x55a4a198f5c0 (12 bytes)
1773591056.164420 sending message 112 to peer 0x55a4a198f5c0 (13 bytes)
1773591056.164423 sending message 112 to peer 0x55a4a198f5c0 (13 bytes)
1773591056.164425 sending message 112 to peer 0x55a4a198f5c0 (13 bytes)
1773591056.164428 sending message 112 to peer 0x55a4a198f5c0 (13 bytes)
1773591056.164430 sending message 112 to peer 0x55a4a198f5c0 (13 bytes)
1773591056.164433 sending message 112 to peer 0x55a4a198f5c0 (11 bytes)
1773591056.164435 sending message 112 to peer 0x55a4a198f5c0 (12 bytes)
1773591056.164438 sending message 112 to peer 0x55a4a198f5c0 (12 bytes)
1773591056.164440 sending message 112 to peer 0x55a4a198f5c0 (12 bytes)
1773591056.164443 sending message 112 to peer 0x55a4a198f5c0 (12 bytes)
1773591056.164445 sending message 112 to peer 0x55a4a198f5c0 (12 bytes)
1773591056.164448 sending message 112 to peer 0x55a4a198f5c0 (21 bytes)
1773591056.164450 sending message 112 to peer 0x55a4a198f5c0 (12 bytes)
1773591056.164453 sending message 112 to peer 0x55a4a198f5c0 (9 bytes)
1773591056.164455 sending message 112 to peer 0x55a4a198f5c0 (6 bytes)
1773591056.164458 sending message 112 to peer 0x55a4a198f5c0 (13 bytes)
1773591056.164460 sending message 112 to peer 0x55a4a198f5c0 (10 bytes)
1773591056.164463 sending message 112 to peer 0x55a4a198f5c0 (24 bytes)
1773591056.164466 sending message 112 to peer 0x55a4a198f5c0 (13 bytes)
1773591056.164469 sending message 112 to peer 0x55a4a198f5c0 (9 bytes)
1773591056.164471 sending message 112 to peer 0x55a4a198f5c0 (70 bytes)
1773591056.164474 sending message 112 to peer 0x55a4a198f5c0 (69 bytes)
1773591056.164477 sending message 112 to peer 0x55a4a198f5c0 (12 bytes)
1773591056.164479 sending message 112 to peer 0x55a4a198f5c0 (10 bytes)
1773591056.164482 sending message 112 to peer 0x55a4a198f5c0 (10 bytes)
1773591056.164484 sending message 112 to peer 0x55a4a198f5c0 (24 bytes)
1773591056.164487 sending message 112 to peer 0x55a4a198f5c0 (13 bytes)
1773591056.164489 sending message 112 to peer 0x55a4a198f5c0 (10 bytes)
1773591056.164492 sending message 112 to peer 0x55a4a198f5c0 (10 bytes)
1773591056.164494 sending message 112 to peer 0x55a4a198f5c0 (10 bytes)
1773591056.164497 sending message 112 to peer 0x55a4a198f5c0 (13 bytes)
1773591056.164500 sending message 112 to peer 0x55a4a198f5c0 (15 bytes)
1773591056.164502 sending message 112 to peer 0x55a4a198f5c0 (5 bytes)
1773591056.164505 sending message 104 to peer 0x55a4a198f5c0 (0 bytes)
1773591056.164509 sending message 110 to peer 0x55a4a198f5c0 (0 bytes)
1773591056.164512 sending message 107 to peer 0x55a4a198f5c0 (4 bytes)
1773591056.164514 sending message 105 to peer 0x55a4a198f5c0 (16 bytes)
1773591056.164517 sending message 105 to peer 0x55a4a198f5c0 (44 bytes)
1773591056.164519 sending message 105 to peer 0x55a4a198f5c0 (17 bytes)
1773591056.164522 sending message 105 to peer 0x55a4a198f5c0 (31 bytes)
1773591056.164525 sending message 105 to peer 0x55a4a198f5c0 (29 bytes)
1773591056.164528 sending message 105 to peer 0x55a4a198f5c0 (39 bytes)
1773591056.164531 sending message 105 to peer 0x55a4a198f5c0 (89 bytes)
1773591056.164533 sending message 105 to peer 0x55a4a198f5c0 (52 bytes)
1773591056.164536 sending message 105 to peer 0x55a4a198f5c0 (30 bytes)
1773591056.164542 sending message 105 to peer 0x55a4a198f5c0 (19 bytes)
1773591056.164544 sending message 105 to peer 0x55a4a198f5c0 (58 bytes)
1773591056.164547 sending message 105 to peer 0x55a4a198f5c0 (23 bytes)
1773591056.164550 sending message 105 to peer 0x55a4a198f5c0 (36 bytes)
1773591056.164552 sending message 105 to peer 0x55a4a198f5c0 (11 bytes)
1773591056.164555 sending message 105 to peer 0x55a4a198f5c0 (20 bytes)
1773591056.164557 sending message 105 to peer 0x55a4a198f5c0 (12 bytes)
1773591056.164560 sending message 105 to peer 0x55a4a198f5c0 (47 bytes)
1773591056.164563 sending message 105 to peer 0x55a4a198f5c0 (173 bytes)
1773591056.164565 sending message 105 to peer 0x55a4a198f5c0 (20 bytes)
1773591056.164568 sending message 105 to peer 0x55a4a198f5c0 (32 bytes)
1773591056.164571 sending message 105 to peer 0x55a4a198f5c0 (19 bytes)
1773591056.164573 sending message 105 to peer 0x55a4a198f5c0 (47 bytes)
1773591056.164576 sending message 105 to peer 0x55a4a198f5c0 (38 bytes)
1773591056.164579 sending message 105 to peer 0x55a4a198f5c0 (21 bytes)
1773591056.164582 sending message 105 to peer 0x55a4a198f5c0 (38 bytes)
1773591056.164585 sending message 105 to peer 0x55a4a198f5c0 (148 bytes)
1773591056.164588 sending message 105 to peer 0x55a4a198f5c0 (49 bytes)
1773591056.164590 sending message 105 to peer 0x55a4a198f5c0 (304 bytes)
1773591056.164593 sending message 105 to peer 0x55a4a198f5c0 (89 bytes)
1773591056.164596 sending message 105 to peer 0x55a4a198f5c0 (24 bytes)
1773591056.164598 sending message 105 to peer 0x55a4a198f5c0 (42 bytes)
1773591056.164601 sending message 105 to peer 0x55a4a198f5c0 (15 bytes)
1773591056.164604 sending message 105 to peer 0x55a4a198f5c0 (162 bytes)
1773591056.164606 sending message 105 to peer 0x55a4a198f5c0 (17 bytes)
1773591056.164609 sending message 105 to peer 0x55a4a198f5c0 (16 bytes)
1773591056.164611 sending message 105 to peer 0x55a4a198f5c0 (20 bytes)
1773591056.164614 sending message 105 to peer 0x55a4a198f5c0 (20 bytes)
1773591056.164616 sending message 105 to peer 0x55a4a198f5c0 (22 bytes)
1773591056.164619 sending message 105 to peer 0x55a4a198f5c0 (20 bytes)
1773591056.164621 sending message 105 to peer 0x55a4a198f5c0 (27 bytes)
1773591056.164624 sending message 105 to peer 0x55a4a198f5c0 (124 bytes)
1773591056.164627 sending message 105 to peer 0x55a4a198f5c0 (23 bytes)
1773591056.164630 sending message 105 to peer 0x55a4a198f5c0 (12 bytes)
1773591056.164632 sending message 105 to peer 0x55a4a198f5c0 (30 bytes)
1773591056.164635 sending message 105 to peer 0x55a4a198f5c0 (34 bytes)
1773591056.164638 sending message 105 to peer 0x55a4a198f5c0 (26 bytes)
1773591056.164641 sending message 105 to peer 0x55a4a198f5c0 (50 bytes)
1773591056.164644 sending message 105 to peer 0x55a4a198f5c0 (15 bytes)
1773591056.164647 sending message 105 to peer 0x55a4a198f5c0 (29 bytes)
1773591056.164649 sending message 105 to peer 0x55a4a198f5c0 (25 bytes)
1773591056.164652 sending message 105 to peer 0x55a4a198f5c0 (21 bytes)
1773591056.164655 sending message 105 to peer 0x55a4a198f5c0 (20 bytes)
1773591056.164658 sending message 105 to peer 0x55a4a198f5c0 (51 bytes)
1773591056.164660 sending message 105 to peer 0x55a4a198f5c0 (11 bytes)
1773591056.164663 sending message 105 to peer 0x55a4a198f5c0 (311 bytes)
1773591056.164666 sending message 105 to peer 0x55a4a198f5c0 (20 bytes)
1773591056.164668 sending message 105 to peer 0x55a4a198f5c0 (25 bytes)
1773591056.164671 sending message 105 to peer 0x55a4a198f5c0 (25 bytes)
1773591056.164674 sending message 105 to peer 0x55a4a198f5c0 (40 bytes)
1773591056.164676 sending message 105 to peer 0x55a4a198f5c0 (8 bytes)
1773591056.164679 sending message 105 to peer 0x55a4a198f5c0 (29 bytes)
1773591056.164682 sending message 105 to peer 0x55a4a198f5c0 (20 bytes)
1773591056.164684 sending message 105 to peer 0x55a4a198f5c0 (14 bytes)
1773591056.164687 sending message 105 to peer 0x55a4a198f5c0 (17 bytes)
1773591056.164690 sending message 105 to peer 0x55a4a198f5c0 (11 bytes)
1773591056.164693 sending message 105 to peer 0x55a4a198f5c0 (54 bytes)
1773591056.164699 sending message 105 to peer 0x55a4a198f5c0 (26 bytes)
1773591056.164701 sending message 106 to peer 0x55a4a198f5c0 (0 bytes)
1773591056.164764 sending message 200 to peer 0x55a4a198f5c0 (4 bytes)
1773591056.164768 client loop enter
1773591056.164782 client_signal: Child exited
1773591056.429579 peer 0x55a4a198f5c0 message 207
1773591056.429616 sending message 208 to peer 0x55a4a198f5c0 (0 bytes)
1773591065.812599 peer 0x55a4a198f5c0 message 203
1773591065.812626 sending message 205 to peer 0x55a4a198f5c0 (0 bytes)
1773591065.813130 peer 0x55a4a198f5c0 message 204
1773591065.813146 client loop exit
